<?xml version="1.0" encoding="UTF-8"?>
<!-- Generated by org.testng.reporters.JUnitReportReporter -->
<testsuite skipped="0" hostname="AU5CG0013TJV" name="EndtoEndwebtest.RegistrationTest" tests="2" failures="0" timestamp="2020-02-19T09:51:50 AEDT" time="64.525" errors="0">
  <testcase name="memberregistration" time="37.086" classname="EndtoEndwebtest.RegistrationTest"/>
  <testcase name="memberregistration" time="27.439" classname="EndtoEndwebtest.RegistrationTest"/>
</testsuite> <!-- EndtoEndwebtest.RegistrationTest -->
