<?xml version="1.0" encoding="UTF-8"?>
<!-- Generated by org.testng.reporters.JUnitReportReporter -->
<testsuite skipped="0" hostname="AU5CG0013TJV" name="EndtoEndwebtest.registration" tests="2" failures="0" timestamp="2020-02-12T15:45:55 AEDT" time="50.407" errors="0">
  <testcase name="memberregistration" time="19.200" classname="EndtoEndwebtest.registration"/>
  <testcase name="memberregistration" time="31.207" classname="EndtoEndwebtest.registration"/>
</testsuite> <!-- EndtoEndwebtest.registration -->
