<?xml version="1.0" encoding="UTF-8"?>
<!-- Generated by org.testng.reporters.JUnitReportReporter -->
<testsuite skipped="0" hostname="AU5CG0013TJV" name="EndtoEndwebtest.homePageAssetrion" tests="1" failures="0" timestamp="2020-02-12T15:45:55 AEDT" time="17.344" errors="0">
  <testcase name="QaclickHomepage" time="17.344" classname="EndtoEndwebtest.homePageAssetrion"/>
</testsuite> <!-- EndtoEndwebtest.homePageAssetrion -->
