<?xml version="1.0" encoding="UTF-8"?>
<!-- Generated by org.testng.reporters.JUnitReportReporter -->
<testsuite skipped="0" hostname="AU5CG0013TJV" name="EndtoEndwebtest.HomePage" tests="2" failures="0" timestamp="2020-02-12T15:45:55 AEDT" time="38.039" errors="0">
  <testcase name="QaclickHomepage" time="17.194" classname="EndtoEndwebtest.HomePage"/>
  <testcase name="QaclickHomepage" time="20.845" classname="EndtoEndwebtest.HomePage"/>
</testsuite> <!-- EndtoEndwebtest.HomePage -->
