<?xml version="1.0" encoding="UTF-8"?>
<!-- Generated by org.testng.reporters.JUnitReportReporter -->
<testsuite skipped="3" hostname="AU5CG0013TJV" name="EndtoEndwebtest.HomepagelinksTest" tests="4" failures="0" timestamp="2020-02-19T09:32:11 AEDT" time="0.022" errors="1">
  <testcase name="allcoursestextvalidationFeaturedcoursevalidation" time="0.000" classname="EndtoEndwebtest.HomepagelinksTest">
    <skipped/>
  </testcase> <!-- allcoursestextvalidationFeaturedcoursevalidation -->
  <testcase name="initialize" time="0.022" classname="EndtoEndwebtest.HomepagelinksTest">
    <error type="java.lang.NullPointerException">
      <![CDATA[java.lang.NullPointerException
at resources.browserInitialization.InitializeBrowser(browserInitialization.java:64)
at EndtoEndwebtest.HomepagelinksTest.initialize(HomepagelinksTest.java:25)
at sun.reflect.NativeMethodAccessorImpl.invoke0(Native Method)
at sun.reflect.NativeMethodAccessorImpl.invoke(Unknown Source)
at sun.reflect.DelegatingMethodAccessorImpl.invoke(Unknown Source)
at java.lang.reflect.Method.invoke(Unknown Source)
at org.testng.internal.MethodInvocationHelper.invokeMethod(MethodInvocationHelper.java:133)
at org.testng.internal.MethodInvocationHelper.invokeMethodConsideringTimeout(MethodInvocationHelper.java:62)
at org.testng.internal.ConfigInvoker.invokeConfigurationMethod(ConfigInvoker.java:340)
at org.testng.internal.ConfigInvoker.invokeConfigurations(ConfigInvoker.java:294)
at org.testng.TestRunner.invokeTestConfigurations(TestRunner.java:623)
at org.testng.TestRunner.beforeRun(TestRunner.java:613)
at org.testng.TestRunner.run(TestRunner.java:584)
at org.testng.SuiteRunner.runTest(SuiteRunner.java:402)
at org.testng.SuiteRunner.access$000(SuiteRunner.java:41)
at org.testng.SuiteRunner$SuiteWorker.run(SuiteRunner.java:443)
at org.testng.internal.thread.ThreadUtil.lambda$execute$0(ThreadUtil.java:67)
at java.util.concurrent.FutureTask.run(Unknown Source)
at java.util.concurrent.ThreadPoolExecutor.runWorker(Unknown Source)
at java.util.concurrent.ThreadPoolExecutor$Worker.run(Unknown Source)
at java.lang.Thread.run(Unknown Source)
]]>
    </error>
  </testcase> <!-- initialize -->
  <testcase name="Homepagelinkscount" time="0.000" classname="EndtoEndwebtest.HomepagelinksTest">
    <skipped/>
  </testcase> <!-- Homepagelinkscount -->
  <testcase name="featuredcoursevalidation" time="0.000" classname="EndtoEndwebtest.HomepagelinksTest">
    <skipped/>
  </testcase> <!-- featuredcoursevalidation -->
</testsuite> <!-- EndtoEndwebtest.HomepagelinksTest -->
