<?xml version="1.0" encoding="UTF-8"?>
<!-- Generated by org.testng.reporters.JUnitReportReporter -->
<testsuite skipped="0" hostname="AU5CG0013TJV" name="Cucumbertestrunner.TestRunner" tests="1" failures="0" timestamp="2020-02-19T11:29:50 AEDT" time="57.019" errors="0">
  <testcase name="feature" time="57.019" classname="Cucumbertestrunner.TestRunner"/>
</testsuite> <!-- Cucumbertestrunner.TestRunner -->
